<?xml version="1.0" encoding="UTF-8"?>
<!-- Generated by org.testng.reporters.JUnitReportReporter -->
<testsuite skipped="0" hostname="DESKTOP-KCG0U9H" name="com.ansar.testcases.sampletesttwo" tests="1" failures="0" timestamp="06 Sep 2019 06:04:04 GMT" time="34.517" errors="0">
  <testcase name="method" time="34.517" classname="com.ansar.testcases.sampletesttwo"/>
</testsuite> <!-- com.ansar.testcases.sampletesttwo -->
