<?xml version="1.0" encoding="UTF-8"?>
<!-- Generated by org.testng.reporters.JUnitReportReporter -->
<testsuite skipped="1" hostname="DESKTOP-KCG0U9H" name="com.ansar.testcases.sampletesttwo" tests="2" failures="0" timestamp="23 Nov 2019 07:46:46 GMT" time="225.123" errors="0">
  <testcase name="method" time="116.570" classname="com.ansar.testcases.sampletesttwo">
    <skipped/>
  </testcase> <!-- method -->
  <testcase name="method" time="108.553" classname="com.ansar.testcases.sampletesttwo"/>
</testsuite> <!-- com.ansar.testcases.sampletesttwo -->
