<?xml version="1.0" encoding="UTF-8"?>
<!-- Generated by org.testng.reporters.JUnitReportReporter -->
<testsuite skipped="1" hostname="DESKTOP-KCG0U9H" name="com.ansar.testcases.sampletesttwo" tests="2" failures="0" timestamp="06 Sep 2019 11:56:41 GMT" time="102.416" errors="0">
  <testcase name="method" time="43.876" classname="com.ansar.testcases.sampletesttwo"/>
  <testcase name="method" time="58.540" classname="com.ansar.testcases.sampletesttwo">
    <skipped/>
  </testcase> <!-- method -->
</testsuite> <!-- com.ansar.testcases.sampletesttwo -->
